<?xml version="1.0" encoding="UTF-8"?>
<!-- Generated by org.testng.reporters.JUnitXMLReporter -->
<testsuite hostname="SatishSathya" ignored="0" name="BankingApp Test" tests="7" failures="2" timestamp="2020-02-01T13:21:45 IST" time="108.329" errors="0">
  <testcase name="loginTest" time="2.094" classname="com.inetbanking.testcase.TC_LoginTest_001"/>
  <testcase name="LoginDDT" time="10.835" classname="com.inetbanking.testcase.TC_LoginDDT_002"/>
  <testcase name="LoginDDT" time="5.278" classname="com.inetbanking.testcase.TC_LoginDDT_002">
    <failure type="java.lang.AssertionError" message="did not expect to find [true] but found [false]">
      <![CDATA[java.lang.AssertionError: did not expect to find [true] but found [false]
at com.inetbanking.testcase.TC_LoginDDT_002.LoginDDT(TC_LoginDDT_002.java:29)
at java.util.ArrayList.forEach(ArrayList.java:1257)
... Removed 31 stack frames]]>
    </failure>
  </testcase> <!-- LoginDDT -->
  <testcase name="LoginDDT" time="10.532" classname="com.inetbanking.testcase.TC_LoginDDT_002"/>
  <testcase name="LoginDDT" time="9.99" classname="com.inetbanking.testcase.TC_LoginDDT_002"/>
  <testcase name="LoginDDT" time="5.597" classname="com.inetbanking.testcase.TC_LoginDDT_002">
    <failure type="java.lang.AssertionError" message="did not expect to find [true] but found [false]">
      <![CDATA[java.lang.AssertionError: did not expect to find [true] but found [false]
at com.inetbanking.testcase.TC_LoginDDT_002.LoginDDT(TC_LoginDDT_002.java:29)
at java.util.ArrayList.forEach(ArrayList.java:1257)
... Removed 31 stack frames]]>
    </failure>
  </testcase> <!-- LoginDDT -->
  <testcase name="AddNewCustomer" time="16.858" classname="com.inetbanking.testcase.TC_AddCustomerTest_003"/>
</testsuite> <!-- BankingApp Test -->
