<?xml version="1.0" encoding="UTF-8"?>
<testng-results skipped="0" failed="2" ignored="0" total="7" passed="5">
  <reporter-output>
  </reporter-output>
  <suite name="INetBankingV1" duration-ms="108329" started-at="2020-02-01T13:19:57 IST" finished-at="2020-02-01T13:21:45 IST">
    <groups>
    </groups>
    <test name="BankingApp Test" duration-ms="108329" started-at="2020-02-01T13:19:57 IST" finished-at="2020-02-01T13:21:45 IST">
      <class name="com.inetbanking.testcase.TC_LoginTest_001">
        <test-method status="PASS" signature="setup(java.lang.String)[pri:0, instance:com.inetbanking.testcase.TC_LoginTest_001@51cdd8a]" name="setup" is-config="true" duration-ms="14609" started-at="2020-02-01T13:19:57 IST" finished-at="2020-02-01T13:20:11 IST">
          <params>
            <param index="0">
              <value>
                <![CDATA[chrome]]>
              </value>
            </param>
          </params>
          <reporter-output>
          </reporter-output>
        </test-method> <!-- setup -->
        <test-method status="PASS" signature="loginTest()[pri:0, instance:com.inetbanking.testcase.TC_LoginTest_001@51cdd8a]" name="loginTest" duration-ms="2094" started-at="2020-02-01T13:20:11 IST" finished-at="2020-02-01T13:20:13 IST">
          <reporter-output>
          </reporter-output>
        </test-method> <!-- loginTest -->
        <test-method status="PASS" signature="teardown()[pri:0, instance:com.inetbanking.testcase.TC_LoginTest_001@51cdd8a]" name="teardown" is-config="true" duration-ms="758" started-at="2020-02-01T13:20:14 IST" finished-at="2020-02-01T13:20:14 IST">
          <reporter-output>
          </reporter-output>
        </test-method> <!-- teardown -->
      </class> <!-- com.inetbanking.testcase.TC_LoginTest_001 -->
      <class name="com.inetbanking.testcase.TC_LoginDDT_002">
        <test-method status="PASS" signature="setup(java.lang.String)[pri:0, instance:com.inetbanking.testcase.TC_LoginDDT_002@d44fc21]" name="setup" is-config="true" duration-ms="13050" started-at="2020-02-01T13:20:14 IST" finished-at="2020-02-01T13:20:27 IST">
          <params>
            <param index="0">
              <value>
                <![CDATA[chrome]]>
              </value>
            </param>
          </params>
          <reporter-output>
          </reporter-output>
        </test-method> <!-- setup -->
        <test-method status="PASS" signature="LoginDDT(java.lang.String, java.lang.String)[pri:0, instance:com.inetbanking.testcase.TC_LoginDDT_002@d44fc21]" name="LoginDDT" duration-ms="10835" started-at="2020-02-01T13:20:30 IST" data-provider="LoginData" finished-at="2020-02-01T13:20:41 IST">
          <params>
            <param index="0">
              <value>
                <![CDATA[mngr243816]]>
              </value>
            </param>
            <param index="1">
              <value>
                <![CDATA[qUrUpav]]>
              </value>
            </param>
          </params>
          <reporter-output>
          </reporter-output>
        </test-method> <!-- LoginDDT -->
        <test-method status="FAIL" signature="LoginDDT(java.lang.String, java.lang.String)[pri:0, instance:com.inetbanking.testcase.TC_LoginDDT_002@d44fc21]" name="LoginDDT" duration-ms="5278" started-at="2020-02-01T13:20:41 IST" data-provider="LoginData" finished-at="2020-02-01T13:20:47 IST">
          <params>
            <param index="0">
              <value>
                <![CDATA[mngr243856]]>
              </value>
            </param>
            <param index="1">
              <value>
                <![CDATA[qUrUpde]]>
              </value>
            </param>
          </params>
          <exception class="java.lang.AssertionError">
            <message>
              <![CDATA[did not expect to find [true] but found [false]]]>
            </message>
            <full-stacktrace>
              <![CDATA[java.lang.AssertionError: did not expect to find [true] but found [false]
at org.testng.Assert.fail(Assert.java:97)
at org.testng.Assert.failNotEquals(Assert.java:969)
at org.testng.Assert.assertTrue(Assert.java:43)
at org.testng.Assert.assertTrue(Assert.java:53)
at com.inetbanking.testcase.TC_LoginDDT_002.LoginDDT(TC_LoginDDT_002.java:29)
at sun.reflect.NativeMethodAccessorImpl.invoke0(Native Method)
at sun.reflect.NativeMethodAccessorImpl.invoke(NativeMethodAccessorImpl.java:62)
at sun.reflect.DelegatingMethodAccessorImpl.invoke(DelegatingMethodAccessorImpl.java:43)
at java.lang.reflect.Method.invoke(Method.java:498)
at org.testng.internal.MethodInvocationHelper.invokeMethod(MethodInvocationHelper.java:133)
at org.testng.internal.TestInvoker.invokeMethod(TestInvoker.java:584)
at org.testng.internal.TestInvoker.invokeTestMethod(TestInvoker.java:172)
at org.testng.internal.MethodRunner.runInSequence(MethodRunner.java:46)
at org.testng.internal.TestInvoker$MethodInvocationAgent.invoke(TestInvoker.java:804)
at org.testng.internal.TestInvoker.invokeTestMethods(TestInvoker.java:145)
at org.testng.internal.TestMethodWorker.invokeTestMethods(TestMethodWorker.java:146)
at org.testng.internal.TestMethodWorker.run(TestMethodWorker.java:128)
at java.util.ArrayList.forEach(ArrayList.java:1257)
at org.testng.TestRunner.privateRun(TestRunner.java:770)
at org.testng.TestRunner.run(TestRunner.java:591)
at org.testng.SuiteRunner.runTest(SuiteRunner.java:402)
at org.testng.SuiteRunner.runSequentially(SuiteRunner.java:396)
at org.testng.SuiteRunner.privateRun(SuiteRunner.java:355)
at org.testng.SuiteRunner.run(SuiteRunner.java:304)
at org.testng.SuiteRunnerWorker.runSuite(SuiteRunnerWorker.java:53)
at org.testng.SuiteRunnerWorker.run(SuiteRunnerWorker.java:96)
at org.testng.TestNG.runSuitesSequentially(TestNG.java:1180)
at org.testng.TestNG.runSuitesLocally(TestNG.java:1102)
at org.testng.TestNG.runSuites(TestNG.java:1032)
at org.testng.TestNG.run(TestNG.java:1000)
at org.testng.remote.AbstractRemoteTestNG.run(AbstractRemoteTestNG.java:115)
at org.testng.remote.RemoteTestNG.initAndRun(RemoteTestNG.java:251)
at org.testng.remote.RemoteTestNG.main(RemoteTestNG.java:77)
]]>
            </full-stacktrace>
          </exception> <!-- java.lang.AssertionError -->
          <reporter-output>
          </reporter-output>
        </test-method> <!-- LoginDDT -->
        <test-method status="PASS" signature="LoginDDT(java.lang.String, java.lang.String)[pri:0, instance:com.inetbanking.testcase.TC_LoginDDT_002@d44fc21]" name="LoginDDT" duration-ms="10532" started-at="2020-02-01T13:20:47 IST" data-provider="LoginData" finished-at="2020-02-01T13:20:57 IST">
          <params>
            <param index="0">
              <value>
                <![CDATA[mngr243816]]>
              </value>
            </param>
            <param index="1">
              <value>
                <![CDATA[qUrUpav]]>
              </value>
            </param>
          </params>
          <reporter-output>
          </reporter-output>
        </test-method> <!-- LoginDDT -->
        <test-method status="PASS" signature="LoginDDT(java.lang.String, java.lang.String)[pri:0, instance:com.inetbanking.testcase.TC_LoginDDT_002@d44fc21]" name="LoginDDT" duration-ms="9990" started-at="2020-02-01T13:20:57 IST" data-provider="LoginData" finished-at="2020-02-01T13:21:07 IST">
          <params>
            <param index="0">
              <value>
                <![CDATA[mngr243816]]>
              </value>
            </param>
            <param index="1">
              <value>
                <![CDATA[qUrUpav]]>
              </value>
            </param>
          </params>
          <reporter-output>
          </reporter-output>
        </test-method> <!-- LoginDDT -->
        <test-method status="FAIL" signature="LoginDDT(java.lang.String, java.lang.String)[pri:0, instance:com.inetbanking.testcase.TC_LoginDDT_002@d44fc21]" name="LoginDDT" duration-ms="5597" started-at="2020-02-01T13:21:07 IST" data-provider="LoginData" finished-at="2020-02-01T13:21:13 IST">
          <params>
            <param index="0">
              <value>
                <![CDATA[mngr243825]]>
              </value>
            </param>
            <param index="1">
              <value>
                <![CDATA[qUrUpwq]]>
              </value>
            </param>
          </params>
          <exception class="java.lang.AssertionError">
            <message>
              <![CDATA[did not expect to find [true] but found [false]]]>
            </message>
            <full-stacktrace>
              <![CDATA[java.lang.AssertionError: did not expect to find [true] but found [false]
at org.testng.Assert.fail(Assert.java:97)
at org.testng.Assert.failNotEquals(Assert.java:969)
at org.testng.Assert.assertTrue(Assert.java:43)
at org.testng.Assert.assertTrue(Assert.java:53)
at com.inetbanking.testcase.TC_LoginDDT_002.LoginDDT(TC_LoginDDT_002.java:29)
at sun.reflect.NativeMethodAccessorImpl.invoke0(Native Method)
at sun.reflect.NativeMethodAccessorImpl.invoke(NativeMethodAccessorImpl.java:62)
at sun.reflect.DelegatingMethodAccessorImpl.invoke(DelegatingMethodAccessorImpl.java:43)
at java.lang.reflect.Method.invoke(Method.java:498)
at org.testng.internal.MethodInvocationHelper.invokeMethod(MethodInvocationHelper.java:133)
at org.testng.internal.TestInvoker.invokeMethod(TestInvoker.java:584)
at org.testng.internal.TestInvoker.invokeTestMethod(TestInvoker.java:172)
at org.testng.internal.MethodRunner.runInSequence(MethodRunner.java:46)
at org.testng.internal.TestInvoker$MethodInvocationAgent.invoke(TestInvoker.java:804)
at org.testng.internal.TestInvoker.invokeTestMethods(TestInvoker.java:145)
at org.testng.internal.TestMethodWorker.invokeTestMethods(TestMethodWorker.java:146)
at org.testng.internal.TestMethodWorker.run(TestMethodWorker.java:128)
at java.util.ArrayList.forEach(ArrayList.java:1257)
at org.testng.TestRunner.privateRun(TestRunner.java:770)
at org.testng.TestRunner.run(TestRunner.java:591)
at org.testng.SuiteRunner.runTest(SuiteRunner.java:402)
at org.testng.SuiteRunner.runSequentially(SuiteRunner.java:396)
at org.testng.SuiteRunner.privateRun(SuiteRunner.java:355)
at org.testng.SuiteRunner.run(SuiteRunner.java:304)
at org.testng.SuiteRunnerWorker.runSuite(SuiteRunnerWorker.java:53)
at org.testng.SuiteRunnerWorker.run(SuiteRunnerWorker.java:96)
at org.testng.TestNG.runSuitesSequentially(TestNG.java:1180)
at org.testng.TestNG.runSuitesLocally(TestNG.java:1102)
at org.testng.TestNG.runSuites(TestNG.java:1032)
at org.testng.TestNG.run(TestNG.java:1000)
at org.testng.remote.AbstractRemoteTestNG.run(AbstractRemoteTestNG.java:115)
at org.testng.remote.RemoteTestNG.initAndRun(RemoteTestNG.java:251)
at org.testng.remote.RemoteTestNG.main(RemoteTestNG.java:77)
]]>
            </full-stacktrace>
          </exception> <!-- java.lang.AssertionError -->
          <reporter-output>
          </reporter-output>
        </test-method> <!-- LoginDDT -->
        <test-method status="PASS" signature="teardown()[pri:0, instance:com.inetbanking.testcase.TC_LoginDDT_002@d44fc21]" name="teardown" is-config="true" duration-ms="779" started-at="2020-02-01T13:21:13 IST" finished-at="2020-02-01T13:21:13 IST">
          <reporter-output>
          </reporter-output>
        </test-method> <!-- teardown -->
      </class> <!-- com.inetbanking.testcase.TC_LoginDDT_002 -->
      <class name="com.inetbanking.testcase.TC_AddCustomerTest_003">
        <test-method status="PASS" signature="setup(java.lang.String)[pri:0, instance:com.inetbanking.testcase.TC_AddCustomerTest_003@23faf8f2]" name="setup" is-config="true" duration-ms="13706" started-at="2020-02-01T13:21:13 IST" finished-at="2020-02-01T13:21:27 IST">
          <params>
            <param index="0">
              <value>
                <![CDATA[chrome]]>
              </value>
            </param>
          </params>
          <reporter-output>
          </reporter-output>
        </test-method> <!-- setup -->
        <test-method status="PASS" signature="AddNewCustomer()[pri:0, instance:com.inetbanking.testcase.TC_AddCustomerTest_003@23faf8f2]" name="AddNewCustomer" duration-ms="16858" started-at="2020-02-01T13:21:27 IST" finished-at="2020-02-01T13:21:44 IST">
          <reporter-output>
          </reporter-output>
        </test-method> <!-- AddNewCustomer -->
        <test-method status="PASS" signature="teardown()[pri:0, instance:com.inetbanking.testcase.TC_AddCustomerTest_003@23faf8f2]" name="teardown" is-config="true" duration-ms="811" started-at="2020-02-01T13:21:44 IST" finished-at="2020-02-01T13:21:45 IST">
          <reporter-output>
          </reporter-output>
        </test-method> <!-- teardown -->
      </class> <!-- com.inetbanking.testcase.TC_AddCustomerTest_003 -->
    </test> <!-- BankingApp Test -->
  </suite> <!-- INetBankingV1 -->
</testng-results>
